0 info it worked if it ends with ok
1 verbose cli [ '/usr/local/bin/node', '/usr/local/bin/npm', 'start' ]
2 info using npm@3.8.7
3 info using node@v6.0.0
4 verbose run-script [ 'prestart', 'start', 'poststart' ]
5 info lifecycle react-es6-starter@0.0.1~prestart: react-es6-starter@0.0.1
6 silly lifecycle react-es6-starter@0.0.1~prestart: no script for prestart, continuing
7 info lifecycle react-es6-starter@0.0.1~start: react-es6-starter@0.0.1
8 verbose lifecycle react-es6-starter@0.0.1~start: unsafe-perm in lifecycle true
9 verbose lifecycle react-es6-starter@0.0.1~start: PATH: /usr/local/lib/node_modules/npm/bin/node-gyp-bin:/Users/JohanNystrom/dev/react-es6-starter/node_modules/.bin:/usr/local/bin:/Users/JohanNystrom/.dnx/runtimes/dnx-mono.1.0.0-rc1-update1/bin:/Users/JohanNystrom/.dnx/bin:/Users/JohanNystrom/.gvm/vertx/current/bin:/Users/JohanNystrom/.gvm/springboot/current/bin:/Users/JohanNystrom/.gvm/lazybones/current/bin:/Users/JohanNystrom/.gvm/jbake/current/bin:/Users/JohanNystrom/.gvm/groovyserv/current/bin:/Users/JohanNystrom/.gvm/groovy/current/bin:/Users/JohanNystrom/.gvm/griffon/current/bin:/Users/JohanNystrom/.gvm/grails/current/bin:/Users/JohanNystrom/.gvm/gradle/current/bin:/Users/JohanNystrom/.gvm/glide/current/bin:/Users/JohanNystrom/.gvm/gaiden/current/bin:/Users/JohanNystrom/.gvm/crash/current/bin:/Users/JohanNystrom/.gvm/asciidoctorj/current/bin:/usr/local/bin:/usr/bin:/bin:/usr/sbin:/sbin
10 verbose lifecycle react-es6-starter@0.0.1~start: CWD: /Users/JohanNystrom/dev/react-es6-starter
11 silly lifecycle react-es6-starter@0.0.1~start: Args: [ '-c',
11 silly lifecycle   'webpack-dev-server --content-base app/ --inline --hot --colors' ]
12 silly lifecycle react-es6-starter@0.0.1~start: Returned: code: 1  signal: null
13 info lifecycle react-es6-starter@0.0.1~start: Failed to exec start script
14 verbose stack Error: react-es6-starter@0.0.1 start: `webpack-dev-server --content-base app/ --inline --hot --colors`
14 verbose stack Exit status 1
14 verbose stack     at EventEmitter.<anonymous> (/usr/local/lib/node_modules/npm/lib/utils/lifecycle.js:244:16)
14 verbose stack     at emitTwo (events.js:106:13)
14 verbose stack     at EventEmitter.emit (events.js:191:7)
14 verbose stack     at ChildProcess.<anonymous> (/usr/local/lib/node_modules/npm/lib/utils/spawn.js:24:14)
14 verbose stack     at emitTwo (events.js:106:13)
14 verbose stack     at ChildProcess.emit (events.js:191:7)
14 verbose stack     at maybeClose (internal/child_process.js:850:16)
14 verbose stack     at Process.ChildProcess._handle.onexit (internal/child_process.js:215:5)
15 verbose pkgid react-es6-starter@0.0.1
16 verbose cwd /Users/JohanNystrom/dev/react-es6-starter
17 error Darwin 15.5.0
18 error argv "/usr/local/bin/node" "/usr/local/bin/npm" "start"
19 error node v6.0.0
20 error npm  v3.8.7
21 error code ELIFECYCLE
22 error react-es6-starter@0.0.1 start: `webpack-dev-server --content-base app/ --inline --hot --colors`
22 error Exit status 1
23 error Failed at the react-es6-starter@0.0.1 start script 'webpack-dev-server --content-base app/ --inline --hot --colors'.
23 error Make sure you have the latest version of node.js and npm installed.
23 error If you do, this is most likely a problem with the react-es6-starter package,
23 error not with npm itself.
23 error Tell the author that this fails on your system:
23 error     webpack-dev-server --content-base app/ --inline --hot --colors
23 error You can get information on how to open an issue for this project with:
23 error     npm bugs react-es6-starter
23 error Or if that isn't available, you can get their info via:
23 error     npm owner ls react-es6-starter
23 error There is likely additional logging output above.
24 verbose exit [ 1, true ]
